#
# A fatal error has been detected by the Java Runtime Environment:
#
#  EXCEPTION_ACCESS_VIOLATION (0xc0000005) at pc=0x00007ffb1b4cb741, pid=14544, tid=12144
#
# JRE version: Java(TM) SE Runtime Environment (24.0.2+12) (build 24.0.2+12-54)
# Java VM: Java HotSpot(TM) 64-Bit Server VM (24.0.2+12-54, mixed mode, sharing, tiered, compressed oops, compressed class ptrs, g1 gc, windows-amd64)
# Problematic frame:
# C  [awt.dll+0xdb741]
#
# No core dump will be written. Minidumps are not enabled by default on client versions of Windows
#
# If you would like to submit a bug report, please visit:
#   https://bugreport.java.com/bugreport/crash.jsp
# The crash happened outside the Java Virtual Machine in native code.
# See problematic frame for where to report the bug.
#

---------------  S U M M A R Y ------------

Command Line: MainMenu

Host: 12th Gen Intel(R) Core(TM) i5-12450H, 12 cores, 7G,  Windows 11 , 64 bit Build 26100 (10.0.26100.7705)
Time: Fri Mar 27 23:41:01 2026 India Standard Time elapsed time: 3106.649715 seconds (0d 0h 51m 46s)

---------------  T H R E A D  ---------------

Current thread (0x000001e9c580eee0):  JavaThread "AWT-Windows" daemon [_thread_in_native, id=12144, stack(0x0000006b4f000000,0x0000006b4f100000) (1024K)]

Stack: [0x0000006b4f000000,0x0000006b4f100000],  sp=0x0000006b4f0fed10,  free space=1019k
Native frames: (J=compiled Java code, j=interpreted, Vv=VM code, C=native code)
C  [awt.dll+0xdb741]  (no source info available)
C  [awt.dll+0x9768c]  (no source info available)
C  [awt.dll+0x97736]  (no source info available)
C  [awt.dll+0x94b06]  (no source info available)
C  [awt.dll+0xdfb2c]  (no source info available)
C  [awt.dll+0xb0b5d]  (no source info available)
C  [awt.dll+0x97c6d]  (no source info available)
C  [USER32.dll+0x16b46]  (no source info available)
C  [USER32.dll+0x1660c]  (no source info available)
C  [awt.dll+0x16273]  (no source info available)
C  [COMCTL32.dll+0x2cec8]  (no source info available)
C  [COMCTL32.dll+0x2cc9f]  (no source info available)
C  [USER32.dll+0x16b46]  (no source info available)
C  [USER32.dll+0x1459d]  (no source info available)
C  [awt.dll+0xd4d8e]  (no source info available)
C  [awt.dll+0xd6b82]  (no source info available)
C  0x000001e9ed11ce20  (no source info available)

The last pc belongs to native method entry point (kind = native) (printed below).
Java frames: (J=compiled Java code, j=interpreted, Vv=VM code)
j  sun.awt.windows.WToolkit.eventLoop()V+0 java.desktop@24.0.2
j  sun.awt.windows.WToolkit.run()V+56 java.desktop@24.0.2
j  java.lang.Thread.runWith(Ljava/lang/Object;Ljava/lang/Runnable;)V+5 java.base@24.0.2
j  java.lang.Thread.run()V+19 java.base@24.0.2
v  ~StubRoutines::call_stub 0x000001e9ed110fcd

siginfo: EXCEPTION_ACCESS_VIOLATION (0xc0000005), reading address 0x0000000000000008


Registers:
RAX=0x0000000000000000, RBX=0x000001e9c58cea20, RCX=0x0000000000000000, RDX=0x0000000000000000
RSP=0x0000006b4f0fed10, RBP=0x0000006b4f0fee19, RSI=0x000000001a011000, RDI=0x0000000000000000
R8 =0x0000000000000001, R9 =0x0000006b4d75e000, R10=0x0000000000000000, R11=0x0000000000000246
R12=0x0000000000000000, R13=0x0000000000000310, R14=0x0000000000000000, R15=0x0000000000000000
RIP=0x00007ffb1b4cb741, EFLAGS=0x0000000000010246

XMM[0]=0x0000000000000000 0x0000000000000000
XMM[1]=0x0000000000000000 0x0000000000000000
XMM[2]=0x0000000000000000 0x0000000000000000
XMM[3]=0x0000000000000000 0x0000000000000000
XMM[4]=0x0000000000000000 0x0000000000000000
XMM[5]=0x0000000000000000 0x0000000000000000
XMM[6]=0x0000000000000000 0x0000000000000000
XMM[7]=0x0000000000000000 0x0000000000000000
XMM[8]=0x0000000000000000 0x0000000000000000
XMM[9]=0x0000000000000000 0x0000000000000000
XMM[10]=0x0000000000000000 0x0000000000000000
XMM[11]=0x0000000000000000 0x0000000000000000
XMM[12]=0x0000000000000000 0x0000000000000000
XMM[13]=0x0000000000000000 0x0000000000000000
XMM[14]=0x0000000000000000 0x0000000000000000
XMM[15]=0x0000000000000000 0x0000000000000000
  MXCSR=0x00001fa0


Register to memory mapping:

RAX=0x0 is null
RBX=0x000001e9c58cea20 points into unknown readable memory: 0x000001e9c52dec10 | 10 ec 2d c5 e9 01 00 00
RCX=0x0 is null
RDX=0x0 is null
RSP=0x0000006b4f0fed10 is pointing into the stack for thread: 0x000001e9c580eee0
RBP=0x0000006b4f0fee19 is pointing into the stack for thread: 0x000001e9c580eee0
RSI=0x000000001a011000 is an unknown value
RDI=0x0 is null
R8 =0x0000000000000001 is an unknown value
R9 =0x0000006b4d75e000 points into unknown readable memory: 0x0000000000000000 | 00 00 00 00 00 00 00 00
R10=0x0 is null
R11=0x0000000000000246 is an unknown value
R12=0x0 is null
R13=0x0000000000000310 is an unknown value
R14=0x0 is null
R15=0x0 is null

Top of Stack: (sp=0x0000006b4f0fed10)
0x0000006b4f0fed10:   00007ffb1b527838 000000001a011000   8xR.............
0x0000006b4f0fed20:   0000000000000000 0000000000000000   ................
0x0000006b4f0fed30:   0000000000000000 00007ffb1b48768c   .........vH.....
0x0000006b4f0fed40:   000000001a011000 000001e9c5a560c0   .........`......
0x0000006b4f0fed50:   000001e9c58cea20 0000006b4f0ff088    ..........Ok...
0x0000006b4f0fed60:   0000000000000000 00007ffb1b487736   ........6wH.....
0x0000006b4f0fed70:   000001e9c5a560c0 00007ffb1b3f0000   .`........?.....
0x0000006b4f0fed80:   0000006b4f0fee78 00007ffb11a0cec8   x..Ok...........
0x0000006b4f0fed90:   0000000000000000 00007ffb1b484b06   .........KH.....
0x0000006b4f0feda0:   000001e9c5a560c0 0000000000000000   .`..............
0x0000006b4f0fedb0:   00007ffb1b487c10 00007ffb33eba3ee   .|H........3....
0x0000006b4f0fedc0:   0000000000000001 00007ffb329afcf9   ...........2....
0x0000006b4f0fedd0:   0000006b4f0fee70 0000000000000001   p..Ok...........
0x0000006b4f0fede0:   0000000000000000 0000006b4f0fee78   ........x..Ok...
0x0000006b4f0fedf0:   0000000000000000 0000000000000000   ................
0x0000006b4f0fee00:   0000000000000000 000001e9c580f2a8   ................
0x0000006b4f0fee10:   000001e9c5a56160 0000000000000000   `a..............
0x0000006b4f0fee20:   0000000000000000 00004315248a7b37   ........7{.$.C..
0x0000006b4f0fee30:   0000000000000000 0000000000000000   ................
0x0000006b4f0fee40:   0000000000000000 0000000000000000   ................
0x0000006b4f0fee50:   0000000000000000 0000000000000310   ................
0x0000006b4f0fee60:   0000000000000000 000001e9c5a560c0   .........`......
0x0000006b4f0fee70:   000001e9c5a560c0 00007ffb1b4cfb2c   .`......,.L.....
0x0000006b4f0fee80:   0000000000000000 00002ffcbc2941c0   .........A)../..
0x0000006b4f0fee90:   0000c9d359743f3e 0000000000000022   >?tY....".......
0x0000006b4f0feea0:   000000000000c203 0000000000000000   ................
0x0000006b4f0feeb0:   0000000000000000 00007ffb32986d19   .........m.2....
0x0000006b4f0feec0:   0000000000000000 0000000000000001   ................
0x0000006b4f0feed0:   0000000000000022 00007ffb33eaa6af   "..........3....
0x0000006b4f0feee0:   00000000000705c2 00007ffb3298802a   ........*..2....
0x0000006b4f0feef0:   ffffffffffffffeb 00004315248a7817   .........x.$.C..
0x0000006b4f0fef00:   000001e9db752b20 0000000000000000    +u.............

Instructions: (pc=0x00007ffb1b4cb741)
  0x00007ffb1b4cb641:   83 ec 28 66 0f 6e c2 0f 5b c0 f3 0f 59 41 48 0f
  0x00007ffb1b4cb651:   5a c8 f2 0f 10 05 1d 35 03 00 f2 0f 5c 0d a5 35
  0x00007ffb1b4cb661:   01 00 66 0f 2f c1 76 0a b8 00 00 00 80 48 83 c4
  0x00007ffb1b4cb671:   28 c3 66 0f 2f 0d 25 7f 02 00 76 0a b8 ff ff ff
  0x00007ffb1b4cb681:   7f 48 83 c4 28 c3 0f 28 c1 e8 af fb 00 00 f2 0f
  0x00007ffb1b4cb691:   2c c0 48 83 c4 28 c3 cc cc cc cc cc cc cc cc 48
  0x00007ffb1b4cb6a1:   83 ec 28 66 0f 6e c2 0f 5b c0 f3 0f 59 41 4c 0f
  0x00007ffb1b4cb6b1:   5a c8 f2 0f 10 05 bd 34 03 00 f2 0f 5c 0d 45 35
  0x00007ffb1b4cb6c1:   01 00 66 0f 2f c1 76 0a b8 00 00 00 80 48 83 c4
  0x00007ffb1b4cb6d1:   28 c3 66 0f 2f 0d c5 7e 02 00 76 0a b8 ff ff ff
  0x00007ffb1b4cb6e1:   7f 48 83 c4 28 c3 0f 28 c1 e8 4f fb 00 00 f2 0f
  0x00007ffb1b4cb6f1:   2c c0 48 83 c4 28 c3 cc cc cc cc cc cc cc cc 48
  0x00007ffb1b4cb701:   8b 49 08 48 85 c9 0f 85 93 81 fe ff 33 c0 c3 48
  0x00007ffb1b4cb711:   89 5c 24 08 48 89 74 24 10 57 48 83 ec 20 8b fa
  0x00007ffb1b4cb721:   48 8b f1 e8 27 c6 f4 ff 48 8b d8 48 89 44 24 40
  0x00007ffb1b4cb731:   41 b8 01 00 00 00 8b d7 48 8b c8 e8 8f c5 f4 ff
=>0x00007ffb1b4cb741:   48 8b 48 08 48 85 c9 74 0d 48 8b d6 e8 4e 81 fe
  0x00007ffb1b4cb751:   ff 48 8b f8 eb 02 33 ff 48 8b cb e8 af c7 f4 ff
  0x00007ffb1b4cb761:   90 48 8b c7 48 8b 5c 24 30 48 8b 74 24 38 48 83
  0x00007ffb1b4cb771:   c4 20 5f c3 cc cc cc cc cc cc cc cc cc cc cc 48
  0x00007ffb1b4cb781:   8b 01 89 10 c3 cc cc cc cc cc cc cc cc cc cc 40
  0x00007ffb1b4cb791:   57 48 83 ec 40 48 83 79 38 00 48 8b f9 0f 84 96
  0x00007ffb1b4cb7a1:   01 00 00 48 8b 0d 45 86 06 00 ba 02 00 01 00 48
  0x00007ffb1b4cb7b1:   89 5c 24 58 48 89 74 24 68 e8 50 c5 00 00 4c 8b
  0x00007ffb1b4cb7c1:   05 72 8b 06 00 48 8b c8 48 8b 57 38 48 8b d8 4c
  0x00007ffb1b4cb7d1:   8b 08 41 ff 91 f8 02 00 00 48 8b f0 48 85 c0 0f
  0x00007ffb1b4cb7e1:   84 4a 01 00 00 4c 8b 0b 48 8b d0 4c 8b 05 35 8b
  0x00007ffb1b4cb7f1:   06 00 48 8b cb 41 ff 91 00 01 00 00 84 c0 0f 84
  0x00007ffb1b4cb801:   2b 01 00 00 48 8b 7f 08 48 8b d6 48 8b 03 48 8b
  0x00007ffb1b4cb811:   cb 4c 8b 05 27 8b 06 00 48 81 c7 00 04 00 00 48
  0x00007ffb1b4cb821:   89 6c 24 60 4c 89 64 24 38 ff 90 f8 02 00 00 4c
  0x00007ffb1b4cb831:   8b 0b 48 8b d6 4c 8b 05 0b 8b 06 00 48 8b cb 4c


Stack slot to memory mapping:

stack at sp + 0 slots: 0x00007ffb1b527838 awt.dll
stack at sp + 1 slots: 0x000000001a011000 is an unknown value
stack at sp + 2 slots: 0x0 is null
stack at sp + 3 slots: 0x0 is null
stack at sp + 4 slots: 0x0 is null
stack at sp + 5 slots: 0x00007ffb1b48768c awt.dll
stack at sp + 6 slots: 0x000000001a011000 is an unknown value
stack at sp + 7 slots: 0x000001e9c5a560c0 points into unknown readable memory: 0x00007ffb1b4fa860 | 60 a8 4f 1b fb 7f 00 00

Lock stack of current Java thread (top to bottom):

native method entry point (kind = native)  [0x000001e9ed11ca40, 0x000001e9ed11d478]  2616 bytes
[MachCode]
  0x000001e9ed11ca40: 488b 4b08 | 0fb7 492e | 584c 8d74 | ccf8 6800 | 0000 0068 | 0000 0000 | 5055 488b | ec41 5568 
  0x000001e9ed11ca60: 0000 0000 | 4c8b 6b08 | 4d8d 6d38 | 5348 8b53 | 0848 8b52 | 0848 8b52 | 1848 8b52 | 7048 8b12 
  0x000001e9ed11ca80: 5248 8b53 | 1048 85d2 | 0f84 0700 | 0000 4881 | c208 0100 | 0052 488b | 5308 488b | 5208 488b 
  0x000001e9ed11caa0: 5210 5249 | 8bc6 482b | c548 c1e8 | 0350 6800 | 0000 0068 | f7ff ffff | 41c6 8771 | 0400 0001 
  0x000001e9ed11cac0: 488b 4310 | 4885 c074 | 208b 88cc | 0000 0083 | c102 8988 | cc00 0000 | 2388 e000 | 0000 0f84 
  0x000001e9ed11cae0: e408 0000 | e9cd 0000 | 0048 8b43 | 1848 85c0 | 0f85 b000 | 0000 e805 | 0000 00e9 | 9900 0000 
  0x000001e9ed11cb00: 488b d348 | 8d44 2408 | 4c89 6dc0 | 498b cfc5 | f877 4989 | afb8 0300 | 0049 8987 | a803 0000 
  0x000001e9ed11cb20: 4883 ec20 | 40f6 c40f | 0f84 1900 | 0000 4883 | ec08 48b8 | a02f 2b87 | fa7f 0000 | ffd0 4883 
  0x000001e9ed11cb40: c408 e90c | 0000 0048 | b8a0 2f2b | 87fa 7f00 | 00ff d048 | 83c4 2049 | c787 a803 | 0000 0000 
  0x000001e9ed11cb60: 0000 49c7 | 87b8 0300 | 0000 0000 | 0049 c787 | b003 0000 | 0000 0000 | c5f8 7749 | 837f 0800 
  0x000001e9ed11cb80: 0f84 0500 | 0000 e935 | 43ff ff4c | 8b6d c04c | 8b75 c84e | 8d74 f500 | c348 8b43 | 1848 85c0 
  0x000001e9ed11cba0: 0f84 1000 | 0000 8b08 | 83c1 0289 | 0823 4814 | 0f84 1208 | 0000 493b | a7f0 0400 | 000f 8748 
  0x000001e9ed11cbc0: 0000 0089 | 8424 00f0 | ffff 8984 | 2400 e0ff | ff89 8424 | 00d0 ffff | 8984 2400 | c0ff ff89 
  0x000001e9ed11cbe0: 8424 00b0 | ffff 8984 | 2400 a0ff | ff89 8424 | 0090 ffff | 8984 2400 | 80ff ff49 | 3ba7 e804 
  0x000001e9ed11cc00: 0000 7607 | 4989 a7f0 | 0400 0041 | c687 7104 | 0000 0048 | 8b5d e84c | 8b5b 0845 | 0fb7 5b2e 
  0x000001e9ed11cc20: 41c1 e303 | 492b e348 | 83ec 2048 | 83e4 f04c | 8b5b 604d | 85db 0f85 | ab00 0000 | e805 0000 
  0x000001e9ed11cc40: 00e9 9900 | 0000 488b | d348 8d44 | 2408 4c89 | 6dc0 498b | cfc5 f877 | 4989 afb8 | 0300 0049 
  0x000001e9ed11cc60: 8987 a803 | 0000 4883 | ec20 40f6 | c40f 0f84 | 1900 0000 | 4883 ec08 | 48b8 e059 | 2b87 fa7f 
  0x000001e9ed11cc80: 0000 ffd0 | 4883 c408 | e90c 0000 | 0048 b8e0 | 592b 87fa | 7f00 00ff | d048 83c4 | 2049 c787 
  0x000001e9ed11cca0: a803 0000 | 0000 0000 | 49c7 87b8 | 0300 0000 | 0000 0049 | c787 b003 | 0000 0000 | 0000 c5f8 
  0x000001e9ed11ccc0: 7749 837f | 0800 0f84 | 0500 0000 | e9ef 41ff | ff4c 8b6d | c04c 8b75 | c84e 8d74 | f500 c348 
  0x000001e9ed11cce0: 8b5d e84c | 8b5b 6041 | ffd3 488b | 5de8 4889 | 4518 448b | 5b28 41f6 | c308 0f84 | 1b00 0000 
  0x000001e9ed11cd00: 4c8b 5b08 | 4d8b 5b08 | 4d8b 5b18 | 4d8b 5b70 | 4d8b 1b4c | 895d 1048 | 8d55 1048 | 8b43 5849 
  0x000001e9ed11cd20: baf0 7264 | 87fa 7f00 | 0049 3bc2 | 0f85 ab00 | 0000 e805 | 0000 00e9 | 9900 0000 | 488b d348 
  0x000001e9ed11cd40: 8d44 2408 | 4c89 6dc0 | 498b cfc5 | f877 4989 | afb8 0300 | 0049 8987 | a803 0000 | 4883 ec20 
  0x000001e9ed11cd60: 40f6 c40f | 0f84 1900 | 0000 4883 | ec08 48b8 | e059 2b87 | fa7f 0000 | ffd0 4883 | c408 e90c 
  0x000001e9ed11cd80: 0000 0048 | b8e0 592b | 87fa 7f00 | 00ff d048 | 83c4 2049 | c787 a803 | 0000 0000 | 0000 49c7 
  0x000001e9ed11cda0: 87b8 0300 | 0000 0000 | 0049 c787 | b003 0000 | 0000 0000 | c5f8 7749 | 837f 0800 | 0f84 0500 
  0x000001e9ed11cdc0: 0000 e9f9 | 40ff ff4c | 8b6d c04c | 8b75 c84e | 8d74 f500 | c348 8b5d | e848 8b43 | 5849 8d8f 
  0x000001e9ed11cde0: c803 0000 | 4c8d 15d5 | 0000 004d | 8997 b003 | 0000 c5f8 | 7749 89af | b803 0000 | 4989 a7a8 
  0x000001e9ed11ce00: 0300 0041 | c787 5404 | 0000 0400 | 0000 493b | a748 0500 | 0076 0749 | 89a7 4805 | 0000 ffd0 
  0x000001e9ed11ce20: 493b a748 | 0500 0072 | 0b49 c787 | 4805 0000 | 0000 0000 | c5f8 7748 | 83ec 10c5 | fb11 0424 
  0x000001e9ed11ce40: 4883 ec10 | 4889 0424 | 48c7 4424 | 0800 0000 | 0041 c787 | 5404 0000 | 0500 0000 | f083 4424 
  0x000001e9ed11ce60: c000 493b | 6f28 0f87 | 0e00 0000 | 4183 bf50 | 0400 0000 | 0f84 2000 | 0000 498b | cf4c 8be4 
  0x000001e9ed11ce80: 4883 ec20 | 4883 e4f0 | 48b8 10b9 | 2c87 fa7f | 0000 ffd0 | 498b e44d | 33e4 41c7 | 8754 0400 
  0x000001e9ed11cea0: 0008 0000 | 004d 8b97 | 7005 0000 | 4983 fa00 | 7435 49c7 | 8770 0500 | 0000 0000 | 0041 ffe2 
  0x000001e9ed11cec0: 49ba 00bb | 11ed e901 | 0000 41ff | d248 83ec | 10c5 fb11 | 0424 4883 | ec10 4889 | 0424 48c7 
  0x000001e9ed11cee0: 4424 0800 | 0000 0049 | c787 a803 | 0000 0000 | 0000 49c7 | 87b8 0300 | 0000 0000 | 0049 c787 
  0x000001e9ed11cf00: b003 0000 | 0000 0000 | c5f8 774d | 8b9f 3804 | 0000 41c7 | 8300 0100 | 0000 0000 | 0049 bb3a 
  0x000001e9ed11cf20: a411 ede9 | 0100 004c | 3b5d 180f | 8555 0100 | 0048 8b04 | 2448 83c4 | 1048 85c0 | 0f84 2f01 
  0x000001e9ed11cf40: 0000 a803 | 0f85 0800 | 0000 488b | 00e9 1f01 | 0000 a801 | 0f85 0900 | 0000 488b | 40fe e90e 
  0x000001e9ed11cf60: 0100 0048 | 8b40 ff41 | 807f 4800 | 0f84 ff00 | 0000 4883 | f800 0f84 | f500 0000 | 4d8b 5f38 
  0x000001e9ed11cf80: 4d85 db0f | 8414 0000 | 0049 83eb | 084d 895f | 384d 035f | 4049 8903 | e9d4 0000 | 0048 83ec 
  0x000001e9ed11cfa0: 7048 8904 | 2448 894c | 2408 4889 | 5424 104c | 8944 2418 | 4c89 4c24 | 204c 8954 | 2428 4c89 
  0x000001e9ed11cfc0: 5c24 30c5 | fb11 4424 | 40c5 fb11 | 4c24 48c5 | fb11 5424 | 50c5 fb11 | 5c24 58c5 | fb11 6424 
  0x000001e9ed11cfe0: 60c5 fb11 | 6c24 6849 | 8bd7 488b | c848 83ec | 2040 f6c4 | 0f0f 8419 | 0000 0048 | 83ec 0848 
  0x000001e9ed11d000: b850 491f | 87fa 7f00 | 00ff d048 | 83c4 08e9 | 0c00 0000 | 48b8 5049 | 1f87 fa7f | 0000 ffd0 
  0x000001e9ed11d020: 4883 c420 | c5fb 106c | 2468 c5fb | 1064 2460 | c5fb 105c | 2458 c5fb | 1054 2450 | c5fb 104c 
  0x000001e9ed11d040: 2448 c5fb | 1044 2440 | 4c8b 5c24 | 304c 8b54 | 2428 4c8b | 4c24 204c | 8b44 2418 | 488b 5424 
  0x000001e9ed11d060: 1048 8b4c | 2408 488b | 0424 4883 | c470 c5f8 | 7748 8945 | 1048 83ec | 1048 8904 | 2448 c744 
  0x000001e9ed11d080: 2408 0000 | 0000 4183 | bfd0 0400 | 0002 0f85 | bf00 0000 | 4881 ec80 | 0000 0048 | 8944 2478 
  0x000001e9ed11d0a0: 4889 4c24 | 7048 8954 | 2468 4889 | 5c24 6048 | 896c 2450 | 4889 7424 | 4848 897c | 2440 4c89 
  0x000001e9ed11d0c0: 4424 384c | 894c 2430 | 4c89 5424 | 284c 895c | 2420 4c89 | 6424 184c | 896c 2410 | 4c89 7424 
  0x000001e9ed11d0e0: 084c 893c | 244c 8be4 | 4883 ec20 | 4883 e4f0 | 48b8 8059 | 6487 fa7f | 0000 ffd0 | 498b e44c 
  0x000001e9ed11d100: 8b3c 244c | 8b74 2408 | 4c8b 6c24 | 104c 8b64 | 2418 4c8b | 5c24 204c | 8b54 2428 | 4c8b 4c24 
  0x000001e9ed11d120: 304c 8b44 | 2438 488b | 7c24 4048 | 8b74 2448 | 488b 6c24 | 5048 8b5c | 2460 488b | 5424 6848 
  0x000001e9ed11d140: 8b4c 2470 | 488b 4424 | 7848 81c4 | 8000 0000 | 4d33 e448 | 8b5d e84c | 8b6b 084d | 8d6d 3849 
  0x000001e9ed11d160: 837f 0800 | 0f84 bb00 | 0000 e805 | 0000 00e9 | 9600 0000 | 488d 4424 | 084c 896d | c049 8bcf 
  0x000001e9ed11d180: c5f8 7749 | 89af b803 | 0000 4989 | 87a8 0300 | 0048 83ec | 2040 f6c4 | 0f0f 8419 | 0000 0048 
  0x000001e9ed11d1a0: 83ec 0848 | b880 782b | 87fa 7f00 | 00ff d048 | 83c4 08e9 | 0c00 0000 | 48b8 8078 | 2b87 fa7f 
  0x000001e9ed11d1c0: 0000 ffd0 | 4883 c420 | 49c7 87a8 | 0300 0000 | 0000 0049 | c787 b803 | 0000 0000 | 0000 49c7 
  0x000001e9ed11d1e0: 87b0 0300 | 0000 0000 | 00c5 f877 | 4983 7f08 | 000f 8405 | 0000 00e9 | c43c ffff | 4c8b 6dc0 
  0x000001e9ed11d200: 4c8b 75c8 | 4e8d 74f5 | 00c3 48b9 | 08ec 8a87 | fa7f 0000 | 4883 e4f0 | 48b8 00a9 | 5187 fa7f 
  0x000001e9ed11d220: 0000 ffd0 | f444 8b5b | 2841 f6c3 | 200f 8472 | 0100 0048 | 8d55 a84c | 8b5a 084d | 85db 0f85 
  0x000001e9ed11d240: bb00 0000 | e805 0000 | 00e9 9600 | 0000 488d | 4424 084c | 896d c049 | 8bcf c5f8 | 7749 89af 
  0x000001e9ed11d260: b803 0000 | 4989 87a8 | 0300 0048 | 83ec 2040 | f6c4 0f0f | 8419 0000 | 0048 83ec | 0848 b8b0 
  0x000001e9ed11d280: 772b 87fa | 7f00 00ff | d048 83c4 | 08e9 0c00 | 0000 48b8 | b077 2b87 | fa7f 0000 | ffd0 4883 
  0x000001e9ed11d2a0: c420 49c7 | 87a8 0300 | 0000 0000 | 0049 c787 | b803 0000 | 0000 0000 | 49c7 87b0 | 0300 0000 
  0x000001e9ed11d2c0: 0000 00c5 | f877 4983 | 7f08 000f | 8405 0000 | 00e9 ea3b | ffff 4c8b | 6dc0 4c8b | 75c8 4e8d 
  0x000001e9ed11d2e0: 74f5 00c3 | 48b9 08ec | 8a87 fa7f | 0000 4883 | e4f0 48b8 | 00a9 5187 | fa7f 0000 | ffd0 f44c 
  0x000001e9ed11d300: 896d c04c | 8b4a 0848 | c742 0800 | 0000 0045 | 8b87 5806 | 0000 4f3b | 4c07 f80f | 8542 0000 
  0x000001e9ed11d320: 0041 83af | 5806 0000 | 084f 3b4c | 07f0 0f84 | 2a00 0000 | 498b 01a8 | 020f 8512 | 0000 004c 
  0x000001e9ed11d340: 8bc0 4983 | c801 f04d | 0fb1 010f | 840d 0000 | 0041 8387 | 5806 0000 | 08e9 0500 | 0000 e93e 
  0x000001e9ed11d360: 0000 004c | 894a 0848 | 8bca 4883 | ec20 40f6 | c40f 0f84 | 1900 0000 | 4883 ec08 | 48b8 d049 
  0x000001e9ed11d380: 2b87 fa7f | 0000 ffd0 | 4883 c408 | e90c 0000 | 0048 b8d0 | 492b 87fa | 7f00 00ff | d048 83c4 
  0x000001e9ed11d3a0: 204c 8b6d | c048 8b04 | 2448 83c4 | 10c5 fb10 | 0424 4883 | c410 4c8b | 5d18 41ff | d34c 8b5d 
  0x000001e9ed11d3c0: f8c9 5f49 | 8be3 ffe7 | ba00 0000 | 00e8 0500 | 0000 e996 | 0000 0048 | 8d44 2408 | 4c89 6dc0 
  0x000001e9ed11d3e0: 498b cfc5 | f877 4989 | afb8 0300 | 0049 8987 | a803 0000 | 4883 ec20 | 40f6 c40f | 0f84 1900 
  0x000001e9ed11d400: 0000 4883 | ec08 48b8 | 703e 2b87 | fa7f 0000 | ffd0 4883 | c408 e90c | 0000 0048 | b870 3e2b 
  0x000001e9ed11d420: 87fa 7f00 | 00ff d048 | 83c4 2049 | c787 a803 | 0000 0000 | 0000 49c7 | 87b8 0300 | 0000 0000 
  0x000001e9ed11d440: 0049 c787 | b003 0000 | 0000 0000 | c5f8 7749 | 837f 0800 | 0f84 0500 | 0000 e961 | 3aff ff4c 
  0x000001e9ed11d460: 8b6d c04c | 8b75 c84e | 8d74 f500 | c348 8b5d | e8e9 40f7 | ffff 6690 
[/MachCode]

---------------  P R O C E S S  ---------------

Threads class SMR info:
_java_thread_list=0x000001e9c5a463a0, length=16, elements={
0x000001e9fa414a70, 0x000001e9fa4151b0, 0x000001e9fa417cf0, 0x000001e9fa418820,
0x000001e9fa419480, 0x000001e9fa41a0e0, 0x000001e9fa41b9d0, 0x000001e9fa442b00,
0x000001e9c5068880, 0x000001e9c509ffa0, 0x000001e9c580de30, 0x000001e9c580e570,
0x000001e9c580eee0, 0x000001e9c5967430, 0x000001e9daf90210, 0x000001e9c55dd0f0
}

Java Threads: ( => current thread )
  0x000001e9fa414a70 JavaThread "Reference Handler"          daemon [_thread_blocked, id=12828, stack(0x0000006b4e400000,0x0000006b4e500000) (1024K)]
  0x000001e9fa4151b0 JavaThread "Finalizer"                  daemon [_thread_blocked, id=12668, stack(0x0000006b4e500000,0x0000006b4e600000) (1024K)]
  0x000001e9fa417cf0 JavaThread "Signal Dispatcher"          daemon [_thread_blocked, id=16308, stack(0x0000006b4e600000,0x0000006b4e700000) (1024K)]
  0x000001e9fa418820 JavaThread "Attach Listener"            daemon [_thread_blocked, id=24540, stack(0x0000006b4e700000,0x0000006b4e800000) (1024K)]
  0x000001e9fa419480 JavaThread "Service Thread"             daemon [_thread_blocked, id=1900, stack(0x0000006b4e800000,0x0000006b4e900000) (1024K)]
  0x000001e9fa41a0e0 JavaThread "Monitor Deflation Thread"   daemon [_thread_blocked, id=10176, stack(0x0000006b4e900000,0x0000006b4ea00000) (1024K)]
  0x000001e9fa41b9d0 JavaThread "C2 CompilerThread0"         daemon [_thread_blocked, id=3880, stack(0x0000006b4ea00000,0x0000006b4eb00000) (1024K)]
  0x000001e9fa442b00 JavaThread "C1 CompilerThread0"         daemon [_thread_blocked, id=20364, stack(0x0000006b4eb00000,0x0000006b4ec00000) (1024K)]
  0x000001e9c5068880 JavaThread "Notification Thread"        daemon [_thread_blocked, id=15164, stack(0x0000006b4ec00000,0x0000006b4ed00000) (1024K)]
  0x000001e9c509ffa0 JavaThread "Common-Cleaner"             daemon [_thread_blocked, id=22108, stack(0x0000006b4ed00000,0x0000006b4ee00000) (1024K)]
  0x000001e9c580de30 JavaThread "Java2D Disposer"            daemon [_thread_blocked, id=2148, stack(0x0000006b4ee00000,0x0000006b4ef00000) (1024K)]
  0x000001e9c580e570 JavaThread "AWT-Shutdown"                      [_thread_blocked, id=18792, stack(0x0000006b4ef00000,0x0000006b4f000000) (1024K)]
=>0x000001e9c580eee0 JavaThread "AWT-Windows"                daemon [_thread_in_native, id=12144, stack(0x0000006b4f000000,0x0000006b4f100000) (1024K)]
  0x000001e9c5967430 JavaThread "AWT-EventQueue-0"                  [_thread_in_native, id=11784, stack(0x0000006b4f100000,0x0000006b4f200000) (1024K)]
  0x000001e9daf90210 JavaThread "DestroyJavaVM"                     [_thread_blocked, id=14684, stack(0x0000006b4dc00000,0x0000006b4dd00000) (1024K)]
  0x000001e9c55dd0f0 JavaThread "TimerQueue"                 daemon [_thread_blocked, id=19400, stack(0x0000006b4f500000,0x0000006b4f600000) (1024K)]
Total: 16

Other Threads:
  0x000001e9fa401100 VMThread "VM Thread"                           [id=18860, stack(0x0000006b4e300000,0x0000006b4e400000) (1024K)]
  0x000001e9fa2c55a0 WatcherThread "VM Periodic Task Thread"        [id=5320, stack(0x0000006b4e200000,0x0000006b4e300000) (1024K)]
  0x000001e9dd38dde0 WorkerThread "GC Thread#0"                     [id=24288, stack(0x0000006b4dd00000,0x0000006b4de00000) (1024K)]
  0x000001e9dd3a3260 ConcurrentGCThread "G1 Main Marker"            [id=17612, stack(0x0000006b4de00000,0x0000006b4df00000) (1024K)]
  0x000001e9dd3a3d70 WorkerThread "G1 Conc#0"                       [id=18284, stack(0x0000006b4df00000,0x0000006b4e000000) (1024K)]
  0x000001e9dd3fe5c0 ConcurrentGCThread "G1 Refine#0"               [id=14884, stack(0x0000006b4e000000,0x0000006b4e100000) (1024K)]
  0x000001e9fa2b91c0 ConcurrentGCThread "G1 Service"                [id=17012, stack(0x0000006b4e100000,0x0000006b4e200000) (1024K)]
Total: 7

Threads with active compile tasks:
Total: 0

VM state: not at safepoint (normal execution)

VM Mutex/Monitor currently owned by a thread: None

Heap address: 0x0000000084c00000, size: 1972 MB, Compressed Oops mode: 32-bit

CDS archive(s) mapped at: [0x000001e980000000-0x000001e980d40000-0x000001e980d40000), size 13893632, SharedBaseAddress: 0x000001e980000000, ArchiveRelocationMode: 1.
Compressed class space mapped at: 0x000001e981000000-0x000001e9c1000000, reserved size: 1073741824
UseCompressedClassPointers 1, UseCompactObjectHeaders 0
Narrow klass pointer bits 32, Max shift 3
Narrow klass base: 0x000001e980000000, Narrow klass shift: 0
Encoding Range: [0x000001e980000000 - 0x000001ea80000000), (4294967296 bytes)
Klass Range:    [0x000001e980000000 - 0x000001e9c1000000), (1090519040 bytes)
Klass ID Range:  [8 - 1090519033) (1090519025)

GC Precious Log:
 CardTable entry size: 512
 Card Set container configuration: InlinePtr #cards 5 size 8 Array Of Cards #cards 10 size 36 Howl #buckets 4 coarsen threshold 1843 Howl Bitmap #cards 512 size 80 coarsen threshold 460 Card regions per heap region 1 cards per card region 2048
 CPUs: 12 total, 12 available
 Memory: 7884M
 Large Page Support: Disabled
 NUMA Support: Disabled
 Compressed Oops: Enabled (32-bit)
 Heap Region Size: 1M
 Heap Min Capacity: 8M
 Heap Initial Capacity: 124M
 Heap Max Capacity: 1972M
 Pre-touch: Disabled
 Parallel Workers: 10
 Concurrent Workers: 3
 Concurrent Refinement Workers: 10
 Periodic GC: Disabled

Heap:
 garbage-first heap   total reserved 2019328K, committed 129024K, used 26740K [0x0000000084c00000, 0x0000000100000000)
  region size 1024K, 16 young (16384K), 0 survivors (0K)
 Metaspace       used 8743K, committed 8960K, reserved 1114112K
  class space    used 742K, committed 832K, reserved 1048576K

Heap Regions: E=young(eden), S=young(survivor), O=old, HS=humongous(starts), HC=humongous(continues), CS=collection set, F=free, TAMS=top-at-mark-start, PB=parsable bottom
|   0|0x0000000084c00000, 0x0000000084d00000, 0x0000000084d00000|100%|HS|  |TAMS 0x0000000084c00000| PB 0x0000000084c00000| Complete |  0
|   1|0x0000000084d00000, 0x0000000084e00000, 0x0000000084e00000|100%|HC|  |TAMS 0x0000000084d00000| PB 0x0000000084d00000| Complete |  0
|   2|0x0000000084e00000, 0x0000000084f00000, 0x0000000084f00000|100%|HS|  |TAMS 0x0000000084e00000| PB 0x0000000084e00000| Complete |  0
|   3|0x0000000084f00000, 0x0000000085000000, 0x0000000085000000|100%|HC|  |TAMS 0x0000000084f00000| PB 0x0000000084f00000| Complete |  0
|   4|0x0000000085000000, 0x0000000085100000, 0x0000000085100000|100%|HC|  |TAMS 0x0000000085000000| PB 0x0000000085000000| Complete |  0
|   5|0x0000000085100000, 0x0000000085200000, 0x0000000085200000|100%|HC|  |TAMS 0x0000000085100000| PB 0x0000000085100000| Complete |  0
|   6|0x0000000085200000, 0x0000000085300000, 0x0000000085300000|100%|HC|  |TAMS 0x0000000085200000| PB 0x0000000085200000| Complete |  0
|   7|0x0000000085300000, 0x0000000085400000, 0x0000000085400000|100%|HC|  |TAMS 0x0000000085300000| PB 0x0000000085300000| Complete |  0
|   8|0x0000000085400000, 0x0000000085500000, 0x0000000085500000|100%|HC|  |TAMS 0x0000000085400000| PB 0x0000000085400000| Complete |  0
|   9|0x0000000085500000, 0x0000000085600000, 0x0000000085600000|100%|HC|  |TAMS 0x0000000085500000| PB 0x0000000085500000| Complete |  0
|  10|0x0000000085600000, 0x0000000085600000, 0x0000000085700000|  0%| F|  |TAMS 0x0000000085600000| PB 0x0000000085600000| Untracked |  0
|  11|0x0000000085700000, 0x0000000085700000, 0x0000000085800000|  0%| F|  |TAMS 0x0000000085700000| PB 0x0000000085700000| Untracked |  0
|  12|0x0000000085800000, 0x0000000085800000, 0x0000000085900000|  0%| F|  |TAMS 0x0000000085800000| PB 0x0000000085800000| Untracked |  0
|  13|0x0000000085900000, 0x0000000085900000, 0x0000000085a00000|  0%| F|  |TAMS 0x0000000085900000| PB 0x0000000085900000| Untracked |  0
|  14|0x0000000085a00000, 0x0000000085a00000, 0x0000000085b00000|  0%| F|  |TAMS 0x0000000085a00000| PB 0x0000000085a00000| Untracked |  0
|  15|0x0000000085b00000, 0x0000000085b00000, 0x0000000085c00000|  0%| F|  |TAMS 0x0000000085b00000| PB 0x0000000085b00000| Untracked |  0
|  16|0x0000000085c00000, 0x0000000085c00000, 0x0000000085d00000|  0%| F|  |TAMS 0x0000000085c00000| PB 0x0000000085c00000| Untracked |  0
|  17|0x0000000085d00000, 0x0000000085d00000, 0x0000000085e00000|  0%| F|  |TAMS 0x0000000085d00000| PB 0x0000000085d00000| Untracked |  0
|  18|0x0000000085e00000, 0x0000000085e00000, 0x0000000085f00000|  0%| F|  |TAMS 0x0000000085e00000| PB 0x0000000085e00000| Untracked |  0
|  19|0x0000000085f00000, 0x0000000085f00000, 0x0000000086000000|  0%| F|  |TAMS 0x0000000085f00000| PB 0x0000000085f00000| Untracked |  0
|  20|0x0000000086000000, 0x0000000086000000, 0x0000000086100000|  0%| F|  |TAMS 0x0000000086000000| PB 0x0000000086000000| Untracked |  0
|  21|0x0000000086100000, 0x0000000086100000, 0x0000000086200000|  0%| F|  |TAMS 0x0000000086100000| PB 0x0000000086100000| Untracked |  0
|  22|0x0000000086200000, 0x0000000086200000, 0x0000000086300000|  0%| F|  |TAMS 0x0000000086200000| PB 0x0000000086200000| Untracked |  0
|  23|0x0000000086300000, 0x0000000086300000, 0x0000000086400000|  0%| F|  |TAMS 0x0000000086300000| PB 0x0000000086300000| Untracked |  0
|  24|0x0000000086400000, 0x0000000086400000, 0x0000000086500000|  0%| F|  |TAMS 0x0000000086400000| PB 0x0000000086400000| Untracked |  0
|  25|0x0000000086500000, 0x0000000086500000, 0x0000000086600000|  0%| F|  |TAMS 0x0000000086500000| PB 0x0000000086500000| Untracked |  0
|  26|0x0000000086600000, 0x0000000086600000, 0x0000000086700000|  0%| F|  |TAMS 0x0000000086600000| PB 0x0000000086600000| Untracked |  0
|  27|0x0000000086700000, 0x0000000086700000, 0x0000000086800000|  0%| F|  |TAMS 0x0000000086700000| PB 0x0000000086700000| Untracked |  0
|  28|0x0000000086800000, 0x0000000086800000, 0x0000000086900000|  0%| F|  |TAMS 0x0000000086800000| PB 0x0000000086800000| Untracked |  0
|  29|0x0000000086900000, 0x0000000086900000, 0x0000000086a00000|  0%| F|  |TAMS 0x0000000086900000| PB 0x0000000086900000| Untracked |  0
|  30|0x0000000086a00000, 0x0000000086a00000, 0x0000000086b00000|  0%| F|  |TAMS 0x0000000086a00000| PB 0x0000000086a00000| Untracked |  0
|  31|0x0000000086b00000, 0x0000000086b00000, 0x0000000086c00000|  0%| F|  |TAMS 0x0000000086b00000| PB 0x0000000086b00000| Untracked |  0
|  32|0x0000000086c00000, 0x0000000086c00000, 0x0000000086d00000|  0%| F|  |TAMS 0x0000000086c00000| PB 0x0000000086c00000| Untracked |  0
|  33|0x0000000086d00000, 0x0000000086d00000, 0x0000000086e00000|  0%| F|  |TAMS 0x0000000086d00000| PB 0x0000000086d00000| Untracked |  0
|  34|0x0000000086e00000, 0x0000000086e00000, 0x0000000086f00000|  0%| F|  |TAMS 0x0000000086e00000| PB 0x0000000086e00000| Untracked |  0
|  35|0x0000000086f00000, 0x0000000086f00000, 0x0000000087000000|  0%| F|  |TAMS 0x0000000086f00000| PB 0x0000000086f00000| Untracked |  0
|  36|0x0000000087000000, 0x0000000087000000, 0x0000000087100000|  0%| F|  |TAMS 0x0000000087000000| PB 0x0000000087000000| Untracked |  0
|  37|0x0000000087100000, 0x0000000087100000, 0x0000000087200000|  0%| F|  |TAMS 0x0000000087100000| PB 0x0000000087100000| Untracked |  0
|  38|0x0000000087200000, 0x0000000087200000, 0x0000000087300000|  0%| F|  |TAMS 0x0000000087200000| PB 0x0000000087200000| Untracked |  0
|  39|0x0000000087300000, 0x0000000087300000, 0x0000000087400000|  0%| F|  |TAMS 0x0000000087300000| PB 0x0000000087300000| Untracked |  0
|  40|0x0000000087400000, 0x0000000087400000, 0x0000000087500000|  0%| F|  |TAMS 0x0000000087400000| PB 0x0000000087400000| Untracked |  0
|  41|0x0000000087500000, 0x0000000087500000, 0x0000000087600000|  0%| F|  |TAMS 0x0000000087500000| PB 0x0000000087500000| Untracked |  0
|  42|0x0000000087600000, 0x0000000087600000, 0x0000000087700000|  0%| F|  |TAMS 0x0000000087600000| PB 0x0000000087600000| Untracked |  0
|  43|0x0000000087700000, 0x0000000087700000, 0x0000000087800000|  0%| F|  |TAMS 0x0000000087700000| PB 0x0000000087700000| Untracked |  0
|  44|0x0000000087800000, 0x0000000087800000, 0x0000000087900000|  0%| F|  |TAMS 0x0000000087800000| PB 0x0000000087800000| Untracked |  0
|  45|0x0000000087900000, 0x0000000087900000, 0x0000000087a00000|  0%| F|  |TAMS 0x0000000087900000| PB 0x0000000087900000| Untracked |  0
|  46|0x0000000087a00000, 0x0000000087a00000, 0x0000000087b00000|  0%| F|  |TAMS 0x0000000087a00000| PB 0x0000000087a00000| Untracked |  0
|  47|0x0000000087b00000, 0x0000000087b00000, 0x0000000087c00000|  0%| F|  |TAMS 0x0000000087b00000| PB 0x0000000087b00000| Untracked |  0
|  48|0x0000000087c00000, 0x0000000087c00000, 0x0000000087d00000|  0%| F|  |TAMS 0x0000000087c00000| PB 0x0000000087c00000| Untracked |  0
|  49|0x0000000087d00000, 0x0000000087d00000, 0x0000000087e00000|  0%| F|  |TAMS 0x0000000087d00000| PB 0x0000000087d00000| Untracked |  0
|  50|0x0000000087e00000, 0x0000000087e00000, 0x0000000087f00000|  0%| F|  |TAMS 0x0000000087e00000| PB 0x0000000087e00000| Untracked |  0
|  51|0x0000000087f00000, 0x0000000087f00000, 0x0000000088000000|  0%| F|  |TAMS 0x0000000087f00000| PB 0x0000000087f00000| Untracked |  0
|  52|0x0000000088000000, 0x0000000088000000, 0x0000000088100000|  0%| F|  |TAMS 0x0000000088000000| PB 0x0000000088000000| Untracked |  0
|  53|0x0000000088100000, 0x0000000088100000, 0x0000000088200000|  0%| F|  |TAMS 0x0000000088100000| PB 0x0000000088100000| Untracked |  0
|  54|0x0000000088200000, 0x0000000088200000, 0x0000000088300000|  0%| F|  |TAMS 0x0000000088200000| PB 0x0000000088200000| Untracked |  0
|  55|0x0000000088300000, 0x0000000088300000, 0x0000000088400000|  0%| F|  |TAMS 0x0000000088300000| PB 0x0000000088300000| Untracked |  0
|  56|0x0000000088400000, 0x0000000088400000, 0x0000000088500000|  0%| F|  |TAMS 0x0000000088400000| PB 0x0000000088400000| Untracked |  0
|  57|0x0000000088500000, 0x0000000088500000, 0x0000000088600000|  0%| F|  |TAMS 0x0000000088500000| PB 0x0000000088500000| Untracked |  0
|  58|0x0000000088600000, 0x0000000088600000, 0x0000000088700000|  0%| F|  |TAMS 0x0000000088600000| PB 0x0000000088600000| Untracked |  0
|  59|0x0000000088700000, 0x0000000088700000, 0x0000000088800000|  0%| F|  |TAMS 0x0000000088700000| PB 0x0000000088700000| Untracked |  0
|  60|0x0000000088800000, 0x0000000088800000, 0x0000000088900000|  0%| F|  |TAMS 0x0000000088800000| PB 0x0000000088800000| Untracked |  0
|  61|0x0000000088900000, 0x0000000088900000, 0x0000000088a00000|  0%| F|  |TAMS 0x0000000088900000| PB 0x0000000088900000| Untracked |  0
|  62|0x0000000088a00000, 0x0000000088a00000, 0x0000000088b00000|  0%| F|  |TAMS 0x0000000088a00000| PB 0x0000000088a00000| Untracked |  0
|  63|0x0000000088b00000, 0x0000000088b00000, 0x0000000088c00000|  0%| F|  |TAMS 0x0000000088b00000| PB 0x0000000088b00000| Untracked |  0
|  64|0x0000000088c00000, 0x0000000088c00000, 0x0000000088d00000|  0%| F|  |TAMS 0x0000000088c00000| PB 0x0000000088c00000| Untracked |  0
|  65|0x0000000088d00000, 0x0000000088d00000, 0x0000000088e00000|  0%| F|  |TAMS 0x0000000088d00000| PB 0x0000000088d00000| Untracked |  0
|  66|0x0000000088e00000, 0x0000000088e00000, 0x0000000088f00000|  0%| F|  |TAMS 0x0000000088e00000| PB 0x0000000088e00000| Untracked |  0
|  67|0x0000000088f00000, 0x0000000088f00000, 0x0000000089000000|  0%| F|  |TAMS 0x0000000088f00000| PB 0x0000000088f00000| Untracked |  0
|  68|0x0000000089000000, 0x0000000089000000, 0x0000000089100000|  0%| F|  |TAMS 0x0000000089000000| PB 0x0000000089000000| Untracked |  0
|  69|0x0000000089100000, 0x0000000089100000, 0x0000000089200000|  0%| F|  |TAMS 0x0000000089100000| PB 0x0000000089100000| Untracked |  0
|  70|0x0000000089200000, 0x0000000089200000, 0x0000000089300000|  0%| F|  |TAMS 0x0000000089200000| PB 0x0000000089200000| Untracked |  0
|  71|0x0000000089300000, 0x0000000089300000, 0x0000000089400000|  0%| F|  |TAMS 0x0000000089300000| PB 0x0000000089300000| Untracked |  0
|  72|0x0000000089400000, 0x0000000089400000, 0x0000000089500000|  0%| F|  |TAMS 0x0000000089400000| PB 0x0000000089400000| Untracked |  0
|  73|0x0000000089500000, 0x0000000089500000, 0x0000000089600000|  0%| F|  |TAMS 0x0000000089500000| PB 0x0000000089500000| Untracked |  0
|  74|0x0000000089600000, 0x0000000089600000, 0x0000000089700000|  0%| F|  |TAMS 0x0000000089600000| PB 0x0000000089600000| Untracked |  0
|  75|0x0000000089700000, 0x0000000089700000, 0x0000000089800000|  0%| F|  |TAMS 0x0000000089700000| PB 0x0000000089700000| Untracked |  0
|  76|0x0000000089800000, 0x0000000089800000, 0x0000000089900000|  0%| F|  |TAMS 0x0000000089800000| PB 0x0000000089800000| Untracked |  0
|  77|0x0000000089900000, 0x0000000089900000, 0x0000000089a00000|  0%| F|  |TAMS 0x0000000089900000| PB 0x0000000089900000| Untracked |  0
|  78|0x0000000089a00000, 0x0000000089a00000, 0x0000000089b00000|  0%| F|  |TAMS 0x0000000089a00000| PB 0x0000000089a00000| Untracked |  0
|  79|0x0000000089b00000, 0x0000000089b00000, 0x0000000089c00000|  0%| F|  |TAMS 0x0000000089b00000| PB 0x0000000089b00000| Untracked |  0
|  80|0x0000000089c00000, 0x0000000089c00000, 0x0000000089d00000|  0%| F|  |TAMS 0x0000000089c00000| PB 0x0000000089c00000| Untracked |  0
|  81|0x0000000089d00000, 0x0000000089d00000, 0x0000000089e00000|  0%| F|  |TAMS 0x0000000089d00000| PB 0x0000000089d00000| Untracked |  0
|  82|0x0000000089e00000, 0x0000000089e00000, 0x0000000089f00000|  0%| F|  |TAMS 0x0000000089e00000| PB 0x0000000089e00000| Untracked |  0
|  83|0x0000000089f00000, 0x0000000089f00000, 0x000000008a000000|  0%| F|  |TAMS 0x0000000089f00000| PB 0x0000000089f00000| Untracked |  0
|  84|0x000000008a000000, 0x000000008a000000, 0x000000008a100000|  0%| F|  |TAMS 0x000000008a000000| PB 0x000000008a000000| Untracked |  0
|  85|0x000000008a100000, 0x000000008a100000, 0x000000008a200000|  0%| F|  |TAMS 0x000000008a100000| PB 0x000000008a100000| Untracked |  0
|  86|0x000000008a200000, 0x000000008a200000, 0x000000008a300000|  0%| F|  |TAMS 0x000000008a200000| PB 0x000000008a200000| Untracked |  0
|  87|0x000000008a300000, 0x000000008a300000, 0x000000008a400000|  0%| F|  |TAMS 0x000000008a300000| PB 0x000000008a300000| Untracked |  0
|  88|0x000000008a400000, 0x000000008a400000, 0x000000008a500000|  0%| F|  |TAMS 0x000000008a400000| PB 0x000000008a400000| Untracked |  0
|  89|0x000000008a500000, 0x000000008a500000, 0x000000008a600000|  0%| F|  |TAMS 0x000000008a500000| PB 0x000000008a500000| Untracked |  0
|  90|0x000000008a600000, 0x000000008a600000, 0x000000008a700000|  0%| F|  |TAMS 0x000000008a600000| PB 0x000000008a600000| Untracked |  0
|  91|0x000000008a700000, 0x000000008a700000, 0x000000008a800000|  0%| F|  |TAMS 0x000000008a700000| PB 0x000000008a700000| Untracked |  0
|  92|0x000000008a800000, 0x000000008a800000, 0x000000008a900000|  0%| F|  |TAMS 0x000000008a800000| PB 0x000000008a800000| Untracked |  0
|  93|0x000000008a900000, 0x000000008a900000, 0x000000008aa00000|  0%| F|  |TAMS 0x000000008a900000| PB 0x000000008a900000| Untracked |  0
|  94|0x000000008aa00000, 0x000000008aa00000, 0x000000008ab00000|  0%| F|  |TAMS 0x000000008aa00000| PB 0x000000008aa00000| Untracked |  0
|  95|0x000000008ab00000, 0x000000008ab00000, 0x000000008ac00000|  0%| F|  |TAMS 0x000000008ab00000| PB 0x000000008ab00000| Untracked |  0
|  96|0x000000008ac00000, 0x000000008ac00000, 0x000000008ad00000|  0%| F|  |TAMS 0x000000008ac00000| PB 0x000000008ac00000| Untracked |  0
|  97|0x000000008ad00000, 0x000000008ad00000, 0x000000008ae00000|  0%| F|  |TAMS 0x000000008ad00000| PB 0x000000008ad00000| Untracked |  0
|  98|0x000000008ae00000, 0x000000008ae00000, 0x000000008af00000|  0%| F|  |TAMS 0x000000008ae00000| PB 0x000000008ae00000| Untracked |  0
|  99|0x000000008af00000, 0x000000008af00000, 0x000000008b000000|  0%| F|  |TAMS 0x000000008af00000| PB 0x000000008af00000| Untracked |  0
| 100|0x000000008b000000, 0x000000008b000000, 0x000000008b100000|  0%| F|  |TAMS 0x000000008b000000| PB 0x000000008b000000| Untracked |  0
| 101|0x000000008b100000, 0x000000008b100000, 0x000000008b200000|  0%| F|  |TAMS 0x000000008b100000| PB 0x000000008b100000| Untracked |  0
| 102|0x000000008b200000, 0x000000008b200000, 0x000000008b300000|  0%| F|  |TAMS 0x000000008b200000| PB 0x000000008b200000| Untracked |  0
| 103|0x000000008b300000, 0x000000008b300000, 0x000000008b400000|  0%| F|  |TAMS 0x000000008b300000| PB 0x000000008b300000| Untracked |  0
| 104|0x000000008b400000, 0x000000008b400000, 0x000000008b500000|  0%| F|  |TAMS 0x000000008b400000| PB 0x000000008b400000| Untracked |  0
| 105|0x000000008b500000, 0x000000008b500000, 0x000000008b600000|  0%| F|  |TAMS 0x000000008b500000| PB 0x000000008b500000| Untracked |  0
| 106|0x000000008b600000, 0x000000008b600000, 0x000000008b700000|  0%| F|  |TAMS 0x000000008b600000| PB 0x000000008b600000| Untracked |  0
| 107|0x000000008b700000, 0x000000008b700000, 0x000000008b800000|  0%| F|  |TAMS 0x000000008b700000| PB 0x000000008b700000| Untracked |  0
| 108|0x000000008b800000, 0x000000008b900000, 0x000000008b900000|100%| E|  |TAMS 0x000000008b800000| PB 0x000000008b800000| Complete |  0
| 109|0x000000008b900000, 0x000000008ba00000, 0x000000008ba00000|100%| E|CS|TAMS 0x000000008b900000| PB 0x000000008b900000| Complete |  0
| 110|0x000000008ba00000, 0x000000008bb00000, 0x000000008bb00000|100%| E|CS|TAMS 0x000000008ba00000| PB 0x000000008ba00000| Complete |  0
| 111|0x000000008bb00000, 0x000000008bc00000, 0x000000008bc00000|100%| E|CS|TAMS 0x000000008bb00000| PB 0x000000008bb00000| Complete |  0
| 112|0x000000008bc00000, 0x000000008bd00000, 0x000000008bd00000|100%| E|CS|TAMS 0x000000008bc00000| PB 0x000000008bc00000| Complete |  0
| 113|0x000000008bd00000, 0x000000008be00000, 0x000000008be00000|100%| E|CS|TAMS 0x000000008bd00000| PB 0x000000008bd00000| Complete |  0
| 114|0x000000008be00000, 0x000000008bf00000, 0x000000008bf00000|100%| E|CS|TAMS 0x000000008be00000| PB 0x000000008be00000| Complete |  0
| 115|0x000000008bf00000, 0x000000008c000000, 0x000000008c000000|100%| E|CS|TAMS 0x000000008bf00000| PB 0x000000008bf00000| Complete |  0
| 116|0x000000008c000000, 0x000000008c100000, 0x000000008c100000|100%| E|CS|TAMS 0x000000008c000000| PB 0x000000008c000000| Complete |  0
| 117|0x000000008c100000, 0x000000008c200000, 0x000000008c200000|100%| E|CS|TAMS 0x000000008c100000| PB 0x000000008c100000| Complete |  0
| 118|0x000000008c200000, 0x000000008c300000, 0x000000008c300000|100%| E|CS|TAMS 0x000000008c200000| PB 0x000000008c200000| Complete |  0
| 119|0x000000008c300000, 0x000000008c400000, 0x000000008c400000|100%| E|CS|TAMS 0x000000008c300000| PB 0x000000008c300000| Complete |  0
| 120|0x000000008c400000, 0x000000008c500000, 0x000000008c500000|100%| E|CS|TAMS 0x000000008c400000| PB 0x000000008c400000| Complete |  0
| 121|0x000000008c500000, 0x000000008c600000, 0x000000008c600000|100%| E|CS|TAMS 0x000000008c500000| PB 0x000000008c500000| Complete |  0
| 122|0x000000008c600000, 0x000000008c700000, 0x000000008c700000|100%| E|CS|TAMS 0x000000008c600000| PB 0x000000008c600000| Complete |  0
| 123|0x000000008c700000, 0x000000008c800000, 0x000000008c800000|100%| E|CS|TAMS 0x000000008c700000| PB 0x000000008c700000| Complete |  0
|1970|0x00000000ffe00000, 0x00000000fff00000, 0x00000000fff00000|100%| O|  |TAMS 0x00000000ffe00000| PB 0x00000000ffe00000| Untracked |  0
|1971|0x00000000fff00000, 0x00000000fff1d248, 0x0000000100000000| 11%| O|  |TAMS 0x00000000fff00000| PB 0x00000000fff00000| Untracked |  0

Card table byte_map: [0x000001e9f5510000,0x000001e9f58f0000] _byte_map_base: 0x000001e9f50ea000

Marking Bits: (CMBitMap*) 0x000001e9dd38e4f0
 Bits: [0x000001e9f58f0000, 0x000001e9f77c0000)

Polling page: 0x000001e9db160000

Metaspace:

Usage:
  Non-class:      7.81 MB used.
      Class:    742.61 KB used.
       Both:      8.54 MB used.

Virtual space:
  Non-class space:       64.00 MB reserved,       7.94 MB ( 12%) committed,  1 nodes.
      Class space:        1.00 GB reserved,     832.00 KB ( <1%) committed,  1 nodes.
             Both:        1.06 GB reserved,       8.75 MB ( <1%) committed. 

Chunk freelists:
   Non-Class:  8.09 MB
       Class:  15.22 MB
        Both:  23.32 MB

MaxMetaspaceSize: unlimited
CompressedClassSpaceSize: 1.00 GB
Initial GC threshold: 21.00 MB
Current GC threshold: 21.00 MB
CDS: on
 - commit_granule_bytes: 65536.
 - commit_granule_words: 8192.
 - virtual_space_node_default_size: 8388608.
 - enlarge_chunks_in_place: 1.
UseCompressedClassPointers 1, UseCompactObjectHeaders 0
Narrow klass pointer bits 32, Max shift 3
Narrow klass base: 0x000001e980000000, Narrow klass shift: 0
Encoding Range: [0x000001e980000000 - 0x000001ea80000000), (4294967296 bytes)
Klass Range:    [0x000001e980000000 - 0x000001e9c1000000), (1090519040 bytes)
Klass ID Range:  [8 - 1090519033) (1090519025)


Internal statistics:

num_allocs_failed_limit: 0.
num_arena_births: 122.
num_arena_deaths: 0.
num_vsnodes_births: 2.
num_vsnodes_deaths: 0.
num_space_committed: 140.
num_space_uncommitted: 0.
num_chunks_returned_to_freelist: 0.
num_chunks_taken_from_freelist: 165.
num_chunk_merges: 0.
num_chunk_splits: 95.
num_chunks_enlarged: 38.
num_inconsistent_stats: 0.

CodeHeap 'non-profiled nmethods': size=120064Kb used=391Kb max_used=391Kb free=119672Kb
 bounds [0x000001e9ed6a0000, 0x000001e9ed910000, 0x000001e9f4be0000]
CodeHeap 'profiled nmethods': size=120000Kb used=2202Kb max_used=2202Kb free=117797Kb
 bounds [0x000001e9e5be0000, 0x000001e9e5e50000, 0x000001e9ed110000]
CodeHeap 'non-nmethods': size=5696Kb used=1453Kb max_used=1482Kb free=4242Kb
 bounds [0x000001e9ed110000, 0x000001e9ed380000, 0x000001e9ed6a0000]
CodeCache: size=245760Kb, used=4046Kb, max_used=4075Kb, free=241711Kb
 total_blobs=2127, nmethods=1501, adapters=531, full_count=0
Compilation: enabled, stopped_count=0, restarted_count=0

Compilation events (20 events):
Event: 427.511 Thread 0x000001e9fa442b00 1492       3       java.util.HashMap$EntryIterator::next (5 bytes)
Event: 427.511 Thread 0x000001e9fa442b00 nmethod 1492 0x000001e9e5e04908 code [0x000001e9e5e04a20, 0x000001e9e5e04bd8]
Event: 427.511 Thread 0x000001e9fa41b9d0 1493       4       java.util.concurrent.ConcurrentHashMap::get (162 bytes)
Event: 427.547 Thread 0x000001e9fa442b00 1494       3       java.util.HashMap$KeyIterator::next (8 bytes)
Event: 427.548 Thread 0x000001e9fa442b00 nmethod 1494 0x000001e9e5e04c08 code [0x000001e9e5e04d20, 0x000001e9e5e04ee0]
Event: 427.548 Thread 0x000001e9fa442b00 1495       3       java.beans.PropertyChangeSupport::firePropertyChange (35 bytes)
Event: 427.551 Thread 0x000001e9fa442b00 nmethod 1495 0x000001e9e5e04f08 code [0x000001e9e5e05080, 0x000001e9e5e057e0]
Event: 427.625 Thread 0x000001e9fa41b9d0 nmethod 1493 0x000001e9ed6ffc08 code [0x000001e9ed6ffda0, 0x000001e9ed700638]
Event: 1070.190 Thread 0x000001e9fa41b9d0 1496       4       java.lang.String::toString (2 bytes)
Event: 1070.218 Thread 0x000001e9fa442b00 1497   !   3       java.awt.Toolkit::setDesktopProperty (81 bytes)
Event: 1070.245 Thread 0x000001e9fa442b00 nmethod 1497 0x000001e9e5e05808 code [0x000001e9e5e059a0, 0x000001e9e5e06298]
Event: 1070.246 Thread 0x000001e9fa41b9d0 nmethod 1496 0x000001e9ed700708 code [0x000001e9ed700800, 0x000001e9ed700878]
Event: 1070.247 Thread 0x000001e9fa41b9d0 1498       4       sun.util.logging.PlatformLogger::isLoggable (23 bytes)
Event: 1070.314 Thread 0x000001e9fa41b9d0 nmethod 1498 0x000001e9ed700a08 code [0x000001e9ed700ba0, 0x000001e9ed7014e8]
Event: 1149.044 Thread 0x000001e9fa442b00 1499       3       java.lang.Integer::equals (31 bytes)
Event: 1149.047 Thread 0x000001e9fa442b00 nmethod 1499 0x000001e9e5e06308 code [0x000001e9e5e06440, 0x000001e9e5e06838]
Event: 3106.436 Thread 0x000001e9fa41b9d0 1500       4       java.lang.ref.Reference::<init> (25 bytes)
Event: 3106.528 Thread 0x000001e9fa41b9d0 nmethod 1500 0x000001e9ed701588 code [0x000001e9ed701680, 0x000001e9ed701948]
Event: 3106.534 Thread 0x000001e9fa41b9d0 1501       4       jdk.internal.classfile.impl.RawBytecodeHelper::next (81 bytes)
Event: 3106.549 Thread 0x000001e9fa41b9d0 nmethod 1501 0x000001e9ed701988 code [0x000001e9ed701aa0, 0x000001e9ed701bf8]

GC Heap History (0 events):
No events

Dll operation events (8 events):
Event: 0.009 Loaded shared library C:\Program Files\Java\jdk-24\bin\java.dll
Event: 0.042 Loaded shared library C:\Program Files\Java\jdk-24\bin\jsvml.dll
Event: 0.064 Loaded shared library C:\Program Files\Java\jdk-24\bin\jimage.dll
Event: 0.077 Loaded shared library C:\Program Files\Java\jdk-24\bin\awt.dll
Event: 0.246 Loaded shared library C:\Program Files\Java\jdk-24\bin\freetype.dll
Event: 0.247 Loaded shared library C:\Program Files\Java\jdk-24\bin\fontmanager.dll
Event: 0.337 Loaded shared library C:\Program Files\Java\jdk-24\bin\net.dll
Event: 0.339 Loaded shared library C:\Program Files\Java\jdk-24\bin\nio.dll

Deoptimization events (20 events):
Event: 8.700 Thread 0x000001e9c5967430 DEOPT PACKING pc=0x000001e9ed6e090c sp=0x0000006b4f1fe7c0
Event: 8.700 Thread 0x000001e9c5967430 DEOPT UNPACKING pc=0x000001e9ed226482 sp=0x0000006b4f1fe650 mode 2
Event: 42.686 Thread 0x000001e9c5967430 DEOPT PACKING pc=0x000001e9e5cd9ea5 sp=0x0000006b4f1fcc10
Event: 42.686 Thread 0x000001e9c5967430 DEOPT UNPACKING pc=0x000001e9ed165722 sp=0x0000006b4f1fc0e8 mode 0
Event: 49.987 Thread 0x000001e9c5967430 Uncommon trap: trap_request=0xffffffde fr.pc=0x000001e9ed6e1654 relative=0x00000000000001d4
Event: 49.987 Thread 0x000001e9c5967430 Uncommon trap: reason=class_check action=maybe_recompile pc=0x000001e9ed6e1654 method=java.lang.String.equals(Ljava/lang/Object;)Z @ 8 c2
Event: 49.987 Thread 0x000001e9c5967430 DEOPT PACKING pc=0x000001e9ed6e1654 sp=0x0000006b4f1fe010
Event: 49.987 Thread 0x000001e9c5967430 DEOPT UNPACKING pc=0x000001e9ed226482 sp=0x0000006b4f1fdfa8 mode 2
Event: 49.987 Thread 0x000001e9c5967430 Uncommon trap: trap_request=0xffffffde fr.pc=0x000001e9ed6e1654 relative=0x00000000000001d4
Event: 49.987 Thread 0x000001e9c5967430 Uncommon trap: reason=class_check action=maybe_recompile pc=0x000001e9ed6e1654 method=java.lang.String.equals(Ljava/lang/Object;)Z @ 8 c2
Event: 49.987 Thread 0x000001e9c5967430 DEOPT PACKING pc=0x000001e9ed6e1654 sp=0x0000006b4f1fe010
Event: 49.987 Thread 0x000001e9c5967430 DEOPT UNPACKING pc=0x000001e9ed226482 sp=0x0000006b4f1fdfa8 mode 2
Event: 50.088 Thread 0x000001e9c5967430 Uncommon trap: trap_request=0xffffffde fr.pc=0x000001e9ed6e1654 relative=0x00000000000001d4
Event: 50.088 Thread 0x000001e9c5967430 Uncommon trap: reason=class_check action=maybe_recompile pc=0x000001e9ed6e1654 method=java.lang.String.equals(Ljava/lang/Object;)Z @ 8 c2
Event: 50.088 Thread 0x000001e9c5967430 DEOPT PACKING pc=0x000001e9ed6e1654 sp=0x0000006b4f1fe010
Event: 50.088 Thread 0x000001e9c5967430 DEOPT UNPACKING pc=0x000001e9ed226482 sp=0x0000006b4f1fdfa8 mode 2
Event: 50.088 Thread 0x000001e9c5967430 Uncommon trap: trap_request=0xffffffde fr.pc=0x000001e9ed6e1654 relative=0x00000000000001d4
Event: 50.088 Thread 0x000001e9c5967430 Uncommon trap: reason=class_check action=maybe_recompile pc=0x000001e9ed6e1654 method=java.lang.String.equals(Ljava/lang/Object;)Z @ 8 c2
Event: 50.088 Thread 0x000001e9c5967430 DEOPT PACKING pc=0x000001e9ed6e1654 sp=0x0000006b4f1fe010
Event: 50.088 Thread 0x000001e9c5967430 DEOPT UNPACKING pc=0x000001e9ed226482 sp=0x0000006b4f1fdfa8 mode 2

Classes loaded (20 events):
Event: 49.994 Loading class javax/swing/text/AbstractDocument$UndoRedoDocumentEvent
Event: 49.994 Loading class javax/swing/text/AbstractDocument$UndoRedoDocumentEvent done
Event: 49.995 Loading class javax/swing/text/DefaultCaret$1
Event: 49.995 Loading class javax/swing/text/DefaultCaret$1 done
Event: 49.995 Loading class javax/swing/event/UndoableEditEvent
Event: 49.995 Loading class javax/swing/event/UndoableEditEvent done
Event: 49.995 Loading class javax/swing/text/AbstractDocument$DefaultDocumentEventUndoableWrapper
Event: 49.996 Loading class sun/swing/text/UndoableEditLockSupport
Event: 49.996 Loading class sun/swing/text/UndoableEditLockSupport done
Event: 49.996 Loading class javax/swing/text/AbstractDocument$DefaultDocumentEventUndoableWrapper done
Event: 49.996 Loading class javax/swing/event/UndoableEditListener
Event: 49.996 Loading class javax/swing/event/UndoableEditListener done
Event: 59.678 Loading class javax/swing/text/GapContent$RemoveUndo
Event: 59.679 Loading class javax/swing/text/GapContent$RemoveUndo done
Event: 67.949 Loading class javax/swing/Autoscroller
Event: 67.950 Loading class javax/swing/Autoscroller done
Event: 74.241 Loading class jdk/internal/module/ModulePatcher$PatchedModuleReader
Event: 74.241 Loading class jdk/internal/module/ModulePatcher$PatchedModuleReader done
Event: 74.241 Loading class sun/net/www/protocol/jrt/Handler
Event: 74.242 Loading class sun/net/www/protocol/jrt/Handler done

Classes unloaded (0 events):
No events

Classes redefined (0 events):
No events

Internal exceptions (20 events):
Event: 0.136 Thread 0x000001e9daf90210 Exception <a 'java/lang/NoSuchMethodError'{0x000000008c432bf0}: 'java.lang.Object java.lang.invoke.DirectMethodHandle$Holder.invokeStatic(java.lang.Object, long)'> (0x000000008c432bf0) 
thrown [s\open\src\hotspot\share\interpreter\linkResolver.cpp, line 805]
Event: 0.136 Thread 0x000001e9daf90210 Exception <a 'java/lang/NoSuchMethodError'{0x000000008c43ac10}: 'java.lang.Object java.lang.invoke.DirectMethodHandle$Holder.invokeStaticInit(java.lang.Object, long)'> (0x000000008c43ac10) 
thrown [s\open\src\hotspot\share\interpreter\linkResolver.cpp, line 805]
Event: 0.157 Thread 0x000001e9daf90210 Exception <a 'java/lang/NoSuchMethodError'{0x000000008c46b198}: 'void java.lang.invoke.DirectMethodHandle$Holder.invokeSpecial(java.lang.Object, java.lang.Object, java.lang.Object)'> (0x000000008c46b198) 
thrown [s\open\src\hotspot\share\interpreter\linkResolver.cpp, line 805]
Event: 0.169 Thread 0x000001e9daf90210 Exception <a 'java/lang/NoSuchMethodError'{0x000000008c4dad30}: 'java.lang.Object java.lang.invoke.DirectMethodHandle$Holder.newInvokeSpecial(java.lang.Object, java.lang.Object, java.lang.Object, java.lang.Object, java.lang.Object)'> (0x000000008c4dad30) 
thrown [s\open\src\hotspot\share\interpreter\linkResolver.cpp, line 805]
Event: 0.176 Thread 0x000001e9daf90210 Exception <a 'java/lang/NoSuchMethodError'{0x000000008c3430d8}: 'java.lang.Object java.lang.invoke.DirectMethodHandle$Holder.invokeStatic(java.lang.Object, int, java.lang.Object)'> (0x000000008c3430d8) 
thrown [s\open\src\hotspot\share\interpreter\linkResolver.cpp, line 805]
Event: 0.209 Thread 0x000001e9daf90210 Exception <a 'java/lang/ClassNotFoundException'{0x000000008c1704c8}: com/sun/swing/internal/plaf/metal/resources/spi/metalProvider> (0x000000008c1704c8) 
thrown [s\open\src\hotspot\share\classfile\systemDictionary.cpp, line 327]
Event: 0.210 Thread 0x000001e9daf90210 Exception <a 'java/lang/ClassNotFoundException'{0x000000008c173ed8}: com/sun/swing/internal/plaf/basic/resources/spi/basicProvider> (0x000000008c173ed8) 
thrown [s\open\src\hotspot\share\classfile\systemDictionary.cpp, line 327]
Event: 0.218 Thread 0x000001e9daf90210 Exception <a 'java/lang/NoSuchMethodError'{0x000000008c1a3f08}: 'int java.lang.invoke.Invokers$Holder.invokeExact_MT(java.lang.Object, java.lang.Object)'> (0x000000008c1a3f08) 
thrown [s\open\src\hotspot\share\interpreter\linkResolver.cpp, line 805]
Event: 0.230 Thread 0x000001e9c580eee0 Exception <a 'java/lang/NoSuchMethodError'{0x000000008c5905e8}: 'void java.lang.invoke.DirectMethodHandle$Holder.invokeVirtual(java.lang.Object, java.lang.Object)'> (0x000000008c5905e8) 
thrown [s\open\src\hotspot\share\interpreter\linkResolver.cpp, line 805]
Event: 0.243 Thread 0x000001e9daf90210 Exception <a 'java/lang/NoSuchMethodError'{0x000000008c1d7b40}: 'void java.lang.invoke.DirectMethodHandle$Holder.invokeStaticInit(java.lang.Object)'> (0x000000008c1d7b40) 
thrown [s\open\src\hotspot\share\interpreter\linkResolver.cpp, line 805]
Event: 0.252 Thread 0x000001e9daf90210 Exception <a 'java/lang/NoSuchMethodError'{0x000000008c08c980}: 'long java.lang.invoke.DirectMethodHandle$Holder.invokeStaticInit(java.lang.Object, long, long, long, long)'> (0x000000008c08c980) 
thrown [s\open\src\hotspot\share\interpreter\linkResolver.cpp, line 805]
Event: 0.252 Thread 0x000001e9daf90210 Exception <a 'java/lang/NoSuchMethodError'{0x000000008c0954f8}: 'java.lang.Object java.lang.invoke.DirectMethodHandle$Holder.invokeInterface(java.lang.Object, java.lang.Object, long, long)'> (0x000000008c0954f8) 
thrown [s\open\src\hotspot\share\interpreter\linkResolver.cpp, line 805]
Event: 0.253 Thread 0x000001e9daf90210 Exception <a 'java/lang/NoSuchMethodError'{0x000000008c0adde0}: 'void java.lang.invoke.DirectMethodHandle$Holder.invokeStaticInit(java.lang.Object, java.lang.Object, long, java.lang.Object)'> (0x000000008c0adde0) 
thrown [s\open\src\hotspot\share\interpreter\linkResolver.cpp, line 805]
Event: 0.254 Thread 0x000001e9daf90210 Exception <a 'java/lang/NoSuchMethodError'{0x000000008c0b69c8}: 'long java.lang.invoke.DirectMethodHandle$Holder.invokeStatic(java.lang.Object, long, long)'> (0x000000008c0b69c8) 
thrown [s\open\src\hotspot\share\interpreter\linkResolver.cpp, line 805]
Event: 0.256 Thread 0x000001e9daf90210 Exception <a 'java/lang/NoSuchMethodError'{0x000000008c0dfc38}: 'java.lang.Object java.lang.invoke.DirectMethodHandle$Holder.newInvokeSpecial(java.lang.Object, int, java.lang.Object)'> (0x000000008c0dfc38) 
thrown [s\open\src\hotspot\share\interpreter\linkResolver.cpp, line 805]
Event: 0.350 Thread 0x000001e9c5967430 Exception <a 'java/lang/NoSuchMethodError'{0x000000008c058490}: 'void java.lang.invoke.DelegatingMethodHandle$Holder.reinvoke_L(java.lang.Object, java.lang.Object, java.lang.Object, java.lang.Object, long, long, float)'> (0x000000008c058490) 
thrown [s\open\src\hotspot\share\interpreter\linkResolver.cpp, line 805]
Event: 0.353 Thread 0x000001e9c5967430 Exception <a 'java/lang/NoSuchMethodError'{0x000000008c078ae0}: 'java.lang.Object java.lang.invoke.DirectMethodHandle$Holder.invokeStatic(java.lang.Object, java.lang.Object, java.lang.Object, java.lang.Object, java.lang.Object, long)'> (0x000000008c078ae0) 
thrown [s\open\src\hotspot\share\interpreter\linkResolver.cpp, line 805]
Event: 0.358 Thread 0x000001e9c5967430 Exception <a 'java/lang/NoSuchMethodError'{0x000000008be3c498}: 'float java.lang.invoke.DelegatingMethodHandle$Holder.reinvoke_L(java.lang.Object, java.lang.Object, java.lang.Object, java.lang.Object, long, long)'> (0x000000008be3c498) 
thrown [s\open\src\hotspot\share\interpreter\linkResolver.cpp, line 805]
Event: 0.373 Thread 0x000001e9c5967430 Exception <a 'java/lang/NoSuchMethodError'{0x000000008beb72b0}: 'int java.lang.invoke.DelegatingMethodHandle$Holder.reinvoke_L(java.lang.Object, java.lang.Object, java.lang.Object, java.lang.Object, long, long)'> (0x000000008beb72b0) 
thrown [s\open\src\hotspot\share\interpreter\linkResolver.cpp, line 805]
Event: 74.242 Thread 0x000001e9c5967430 Exception <a 'java/lang/NullPointerException'{0x000000008b9c0130}> (0x000000008b9c0130) 
thrown [s\open\src\hotspot\share\interpreter\linkResolver.cpp, line 1523]

VM Operations (20 events):
Event: 481.203 Executing VM operation: HandshakeAllThreads (HandshakeForDeflation)
Event: 481.215 Executing VM operation: HandshakeAllThreads (HandshakeForDeflation) done
Event: 481.216 Executing VM operation: RendezvousGCThreads
Event: 481.217 Executing VM operation: RendezvousGCThreads done
Event: 1082.560 Executing VM operation: HandshakeAllThreads (HandshakeForDeflation)
Event: 1082.564 Executing VM operation: HandshakeAllThreads (HandshakeForDeflation) done
Event: 1082.564 Executing VM operation: RendezvousGCThreads
Event: 1082.564 Executing VM operation: RendezvousGCThreads done
Event: 1142.623 Executing VM operation: HandshakeAllThreads (HandshakeForDeflation)
Event: 1142.623 Executing VM operation: HandshakeAllThreads (HandshakeForDeflation) done
Event: 1142.623 Executing VM operation: RendezvousGCThreads
Event: 1142.623 Executing VM operation: RendezvousGCThreads done
Event: 1202.768 Executing VM operation: HandshakeAllThreads (HandshakeForDeflation)
Event: 1202.768 Executing VM operation: HandshakeAllThreads (HandshakeForDeflation) done
Event: 1202.768 Executing VM operation: RendezvousGCThreads
Event: 1202.769 Executing VM operation: RendezvousGCThreads done
Event: 2645.247 Executing VM operation: HandshakeAllThreads (HandshakeForDeflation)
Event: 2645.247 Executing VM operation: HandshakeAllThreads (HandshakeForDeflation) done
Event: 2645.248 Executing VM operation: RendezvousGCThreads
Event: 2645.248 Executing VM operation: RendezvousGCThreads done

Memory protections (0 events):
No events

Nmethod flushes (0 events):
No events

Events (18 events):
Event: 0.028 Thread 0x000001e9daf90210 Thread added: 0x000001e9daf90210
Event: 0.039 Thread 0x000001e9daf90210 Thread added: 0x000001e9fa414a70
Event: 0.039 Thread 0x000001e9daf90210 Thread added: 0x000001e9fa4151b0
Event: 0.039 Thread 0x000001e9daf90210 Thread added: 0x000001e9fa417cf0
Event: 0.039 Thread 0x000001e9daf90210 Thread added: 0x000001e9fa418820
Event: 0.039 Thread 0x000001e9daf90210 Thread added: 0x000001e9fa419480
Event: 0.039 Thread 0x000001e9daf90210 Thread added: 0x000001e9fa41a0e0
Event: 0.039 Thread 0x000001e9daf90210 Thread added: 0x000001e9fa41b9d0
Event: 0.039 Thread 0x000001e9daf90210 Thread added: 0x000001e9fa442b00
Event: 0.043 Thread 0x000001e9daf90210 Thread added: 0x000001e9c5068880
Event: 0.046 Thread 0x000001e9daf90210 Thread added: 0x000001e9c509ffa0
Event: 0.121 Thread 0x000001e9daf90210 Thread added: 0x000001e9c580de30
Event: 0.121 Thread 0x000001e9daf90210 Thread added: 0x000001e9c580e570
Event: 0.122 Thread 0x000001e9daf90210 Thread added: 0x000001e9c580eee0
Event: 0.229 Thread 0x000001e9c580eee0 Thread added: 0x000001e9c5967430
Event: 0.308 Thread 0x000001e9daf90210 Thread exited: 0x000001e9daf90210
Event: 0.308 Thread 0x000001e9daf90210 Thread added: 0x000001e9daf90210
Event: 5.164 Thread 0x000001e9c5967430 Thread added: 0x000001e9c55dd0f0


Dynamic libraries:
0x00007ff7ec660000 - 0x00007ff7ec670000 	C:\Program Files\Java\jdk-24\bin\java.exe
0x00007ffb33ea0000 - 0x00007ffb34108000 	C:\WINDOWS\SYSTEM32\ntdll.dll
0x00007ffb326f0000 - 0x00007ffb327b9000 	C:\WINDOWS\System32\KERNEL32.DLL
0x00007ffb309e0000 - 0x00007ffb30dd1000 	C:\WINDOWS\System32\KERNELBASE.dll
0x00007ffb31af0000 - 0x00007ffb31c3b000 	C:\WINDOWS\System32\ucrtbase.dll
0x00007ffb1f6a0000 - 0x00007ffb1f6b6000 	C:\Program Files\Java\jdk-24\bin\jli.dll
0x00007ffb1f680000 - 0x00007ffb1f69b000 	C:\Program Files\Java\jdk-24\bin\VCRUNTIME140.dll
0x00007ffb32970000 - 0x00007ffb32b36000 	C:\WINDOWS\System32\USER32.dll
0x00007ffb30780000 - 0x00007ffb307a7000 	C:\WINDOWS\System32\win32u.dll
0x00007ffb119e0000 - 0x00007ffb11c73000 	C:\WINDOWS\WinSxS\amd64_microsoft.windows.common-controls_6595b64144ccf1df_6.0.26100.7824_none_3e0870b2e3345462\COMCTL32.dll
0x00007ffb33a10000 - 0x00007ffb33a3b000 	C:\WINDOWS\System32\GDI32.dll
0x00007ffb324d0000 - 0x00007ffb32579000 	C:\WINDOWS\System32\msvcrt.dll
0x00007ffb30de0000 - 0x00007ffb30f0b000 	C:\WINDOWS\System32\gdi32full.dll
0x00007ffb31a40000 - 0x00007ffb31ae3000 	C:\WINDOWS\System32\msvcp_win.dll
0x00007ffb32830000 - 0x00007ffb32861000 	C:\WINDOWS\System32\IMM32.DLL
0x00007ffb28170000 - 0x00007ffb2817c000 	C:\Program Files\Java\jdk-24\bin\vcruntime140_1.dll
0x00007ffb1f5f0000 - 0x00007ffb1f67e000 	C:\Program Files\Java\jdk-24\bin\msvcp140.dll
0x00007ffa86ea0000 - 0x00007ffa87c41000 	C:\Program Files\Java\jdk-24\bin\server\jvm.dll
0x00007ffb32c40000 - 0x00007ffb32cf4000 	C:\WINDOWS\System32\ADVAPI32.dll
0x00007ffb33a40000 - 0x00007ffb33ae6000 	C:\WINDOWS\System32\sechost.dll
0x00007ffb32d00000 - 0x00007ffb32e18000 	C:\WINDOWS\System32\RPCRT4.dll
0x00007ffb32bc0000 - 0x00007ffb32c34000 	C:\WINDOWS\System32\WS2_32.dll
0x00007ffb305e0000 - 0x00007ffb3063e000 	C:\WINDOWS\SYSTEM32\POWRPROF.dll
0x00007ffb259c0000 - 0x00007ffb259f5000 	C:\WINDOWS\SYSTEM32\WINMM.dll
0x00007ffb1b650000 - 0x00007ffb1b65b000 	C:\WINDOWS\SYSTEM32\VERSION.dll
0x00007ffb305c0000 - 0x00007ffb305d4000 	C:\WINDOWS\SYSTEM32\UMPDC.dll
0x00007ffb2f4f0000 - 0x00007ffb2f50b000 	C:\WINDOWS\SYSTEM32\kernel.appcore.dll
0x00007ffb1f5e0000 - 0x00007ffb1f5ea000 	C:\Program Files\Java\jdk-24\bin\jimage.dll
0x00007ffb2e150000 - 0x00007ffb2e392000 	C:\WINDOWS\SYSTEM32\DBGHELP.DLL
0x00007ffb32e90000 - 0x00007ffb33216000 	C:\WINDOWS\System32\combase.dll
0x00007ffb322d0000 - 0x00007ffb323a7000 	C:\WINDOWS\System32\OLEAUT32.dll
0x00007ffb0a130000 - 0x00007ffb0a16b000 	C:\WINDOWS\SYSTEM32\dbgcore.DLL
0x00007ffb31090000 - 0x00007ffb31135000 	C:\WINDOWS\System32\bcryptPrimitives.dll
0x00007ffb1f5c0000 - 0x00007ffb1f5de000 	C:\Program Files\Java\jdk-24\bin\java.dll
0x00007ffb320e0000 - 0x00007ffb32277000 	C:\WINDOWS\System32\ole32.dll
0x00007ffb33220000 - 0x00007ffb33972000 	C:\WINDOWS\System32\SHELL32.dll
0x00007ffb30870000 - 0x00007ffb309da000 	C:\WINDOWS\System32\wintypes.dll
0x00007ffb311d0000 - 0x00007ffb31a33000 	C:\WINDOWS\System32\windows.storage.dll
0x00007ffb32870000 - 0x00007ffb32966000 	C:\WINDOWS\System32\SHCORE.dll
0x00007ffb327c0000 - 0x00007ffb32827000 	C:\WINDOWS\System32\shlwapi.dll
0x00007ffb306a0000 - 0x00007ffb306c9000 	C:\WINDOWS\SYSTEM32\profapi.dll
0x00007ffb1b570000 - 0x00007ffb1b647000 	C:\Program Files\Java\jdk-24\bin\jsvml.dll
0x00007ffb1b3f0000 - 0x00007ffb1b56f000 	C:\Program Files\Java\jdk-24\bin\awt.dll
0x00007ffb2dbe0000 - 0x00007ffb2dc7e000 	C:\WINDOWS\SYSTEM32\apphelp.dll
0x00007ffb2e3f0000 - 0x00007ffb2e421000 	C:\WINDOWS\system32\DWMAPI.DLL
0x00007ffb2e020000 - 0x00007ffb2e0cb000 	C:\WINDOWS\system32\uxtheme.dll
0x00007ffaf4430000 - 0x00007ffaf4540000 	C:\WINDOWS\system32\opengl32.dll
0x00007ffafdcf0000 - 0x00007ffafdd1d000 	C:\WINDOWS\SYSTEM32\GLU32.dll
0x00007ffb2e3a0000 - 0x00007ffb2e3e4000 	C:\WINDOWS\SYSTEM32\dxcore.dll
0x00007ffb32580000 - 0x00007ffb326df000 	C:\WINDOWS\System32\MSCTF.dll
0x00007ffb1b120000 - 0x00007ffb1b1a7000 	C:\Program Files\Java\jdk-24\bin\freetype.dll
0x00007ffb1b030000 - 0x00007ffb1b117000 	C:\Program Files\Java\jdk-24\bin\fontmanager.dll
0x00007ffb16a40000 - 0x00007ffb16b89000 	C:\WINDOWS\SYSTEM32\textinputframework.dll
0x00007ffb1f5b0000 - 0x00007ffb1f5c0000 	C:\Program Files\Java\jdk-24\bin\net.dll
0x00007ffb2fa40000 - 0x00007ffb2faab000 	C:\WINDOWS\system32\mswsock.dll
0x00007ffb1f590000 - 0x00007ffb1f5a6000 	C:\Program Files\Java\jdk-24\bin\nio.dll
0x00007ffb2ae00000 - 0x00007ffb2af27000 	C:\WINDOWS\SYSTEM32\CoreMessaging.dll
0x00007ffb27980000 - 0x00007ffb27c62000 	C:\WINDOWS\SYSTEM32\CoreUIComponents.dll
0x00007ffb2fce0000 - 0x00007ffb2fcec000 	C:\WINDOWS\SYSTEM32\CRYPTBASE.DLL
0x00007ffb323c0000 - 0x00007ffb32470000 	C:\WINDOWS\System32\clbcatq.dll
0x00007ffb29290000 - 0x00007ffb294bf000 	C:\WINDOWS\SYSTEM32\WindowsCodecs.dll
0x00007ffb17140000 - 0x00007ffb1719a000 	C:\WINDOWS\system32\dataexchange.dll
0x00007ffb1e030000 - 0x00007ffb1e274000 	C:\WINDOWS\system32\twinapi.appcore.dll

JVMTI agents: none

dbghelp: loaded successfully - version: 4.0.5 - missing functions: none
symbol engine: initialized successfully - sym options: 0x614 - pdb path: .;C:\Program Files\Java\jdk-24\bin;C:\WINDOWS\SYSTEM32;C:\WINDOWS\WinSxS\amd64_microsoft.windows.common-controls_6595b64144ccf1df_6.0.26100.7824_none_3e0870b2e3345462;C:\Program Files\Java\jdk-24\bin\server

VM Arguments:
java_command: MainMenu
java_class_path (initial): .
Launcher Type: SUN_STANDARD

[Global flags]
     intx CICompilerCount                          = 4                                         {product} {ergonomic}
     uint ConcGCThreads                            = 3                                         {product} {ergonomic}
     uint G1ConcRefinementThreads                  = 10                                        {product} {ergonomic}
   size_t G1HeapRegionSize                         = 1048576                                   {product} {ergonomic}
   size_t InitialHeapSize                          = 130023424                                 {product} {ergonomic}
   size_t MarkStackSize                            = 4194304                                   {product} {ergonomic}
   size_t MarkStackSizeMax                         = 536870912                                 {product} {ergonomic}
   size_t MaxHeapSize                              = 2067791872                                {product} {ergonomic}
   size_t MaxNewSize                               = 1240465408                                {product} {ergonomic}
   size_t MinHeapDeltaBytes                        = 1048576                                   {product} {ergonomic}
   size_t MinHeapSize                              = 8388608                                   {product} {ergonomic}
    uintx NonNMethodCodeHeapSize                   = 5832704                                {pd product} {ergonomic}
    uintx NonProfiledCodeHeapSize                  = 122945536                              {pd product} {ergonomic}
    uintx ProfiledCodeHeapSize                     = 122880000                              {pd product} {ergonomic}
    uintx ReservedCodeCacheSize                    = 251658240                              {pd product} {ergonomic}
     bool SegmentedCodeCache                       = true                                      {product} {ergonomic}
   size_t SoftMaxHeapSize                          = 2067791872                             {manageable} {ergonomic}
     bool UseCompressedOops                        = true                           {product lp64_product} {ergonomic}
     bool UseG1GC                                  = true                                      {product} {ergonomic}
     bool UseLargePagesIndividualAllocation        = false                                  {pd product} {ergonomic}

Logging:
Log output configuration:
 #0: stdout all=warning uptime,level,tags foldmultilines=false
 #1: stderr all=off uptime,level,tags foldmultilines=false

Environment Variables:
PATH=C:\Users\arups\AppData\Local\Programs\Microsoft VS Code;C:\Program Files\Common Files\Oracle\Java\javapath;C:\WINDOWS\system32;C:\WINDOWS;C:\WINDOWS\System32\Wbem;C:\WINDOWS\System32\WindowsPowerShell\v1.0\;C:\WINDOWS\System32\OpenSSH\;C:\Program Files\nodejs\;C:\Program Files\Git\cmd;C:\Program Files\Java\jdk-24\bin;C:\Program Files\MongoDB\Server\8.2\bin;C:\Program Files\MySQL\MySQL Server 8.0\bin;C:\Program Files\MySQL\MySQL Shell 8.0\bin\;C:\Program Files\Java\jdk-24\bin;C:\Users\arups\AppData\Local\Programs\Microsoft VS Code\bin;C:\mongosh\;;C:\Users\arups\AppData\Local\Microsoft\WindowsApps;c:\Users\arups\.vscode\extensions\vscjava.vscode-java-debug-0.58.5\bundled\scripts\noConfigScripts
USERNAME=arups
LANG=en_US.UTF-8
OS=Windows_NT
PROCESSOR_IDENTIFIER=Intel64 Family 6 Model 154 Stepping 3, GenuineIntel
TMP=C:\Users\arups\AppData\Local\Temp
TEMP=C:\Users\arups\AppData\Local\Temp




Periodic native trim disabled

---------------  S Y S T E M  ---------------

OS:
 Windows 11 , 64 bit Build 26100 (10.0.26100.7705)
OS uptime: 10 days 13:01 hours
Hyper-V role detected

CPU: total 12 (initial active 12) (6 cores per cpu, 2 threads per core) family 6 model 154 stepping 3 microcode 0x429, cx8, cmov, fxsr, ht, mmx, 3dnowpref, sse, sse2, sse3, ssse3, sse4.1, sse4.2, popcnt, lzcnt, tsc, tscinvbit, avx, avx2, aes, erms, clmul, bmi1, bmi2, adx, sha, fma, vzeroupper, clflush, clflushopt, clwb, hv, serialize, rdtscp, rdpid, fsrm, gfni, f16c, cet_ibt, cet_ss
Processor Information for processor 0
  Max Mhz: 2000, Current Mhz: 2000, Mhz Limit: 2000
Processor Information for processor 1
  Max Mhz: 2000, Current Mhz: 2000, Mhz Limit: 2000
Processor Information for processor 2
  Max Mhz: 2000, Current Mhz: 2000, Mhz Limit: 2000
Processor Information for processor 3
  Max Mhz: 2000, Current Mhz: 2000, Mhz Limit: 2000
Processor Information for processor 4
  Max Mhz: 2000, Current Mhz: 2000, Mhz Limit: 2000
Processor Information for processor 5
  Max Mhz: 2000, Current Mhz: 2000, Mhz Limit: 2000
Processor Information for processor 6
  Max Mhz: 2000, Current Mhz: 2000, Mhz Limit: 2000
Processor Information for processor 7
  Max Mhz: 2000, Current Mhz: 2000, Mhz Limit: 2000
Processor Information for processor 8
  Max Mhz: 2000, Current Mhz: 1500, Mhz Limit: 1500
Processor Information for processor 9
  Max Mhz: 2000, Current Mhz: 1500, Mhz Limit: 1500
Processor Information for processor 10
  Max Mhz: 2000, Current Mhz: 1500, Mhz Limit: 1500
Processor Information for processor 11
  Max Mhz: 2000, Current Mhz: 1500, Mhz Limit: 1500

Memory: 4k page, system-wide physical 7884M (1167M free)
TotalPageFile size 14503M (AvailPageFile size 738M)
current process WorkingSet (physical memory assigned to process): 16M, peak: 102M
current process commit charge ("private bytes"): 242M, peak: 246M

vm_info: Java HotSpot(TM) 64-Bit Server VM (24.0.2+12-54) for windows-amd64 JRE (24.0.2+12-54), built on 2025-07-08T12:10:27Z with MS VC++ 17.6 (VS2022)

END.
